2025-11-18 11:09:10,486 - WARNING-Failed to generate sentence after 10 try
2025-11-18 11:09:10,486 - WARNING-Failed to generate sentence 1
2025-11-18 11:09:10,501 - WARNING-Failed to generate sentence after 10 try
2025-11-18 11:09:10,501 - WARNING-Failed to generate sentence 2
2025-11-18 11:09:10,501 - INFO-Generated 0 sentences in 0.0304 seconds
2025-11-19 11:44:33,511 - INFO - Loaded 830 words, 4966 characters
2025-11-19 11:44:33,513 - INFO - Model trained successfully
2025-11-19 11:44:33,513 - INFO - Generated sentence 1/5: 10 words, 72 characters
2025-11-19 11:44:33,514 - INFO - Generated sentence 2/5: 9 words, 53 characters
2025-11-19 11:44:33,514 - INFO - Generated sentence 3/5: 7 words, 41 characters
2025-11-19 11:44:33,514 - INFO - Generated sentence 4/5: 10 words, 52 characters
2025-11-19 11:44:33,514 - INFO - Generated sentence 5/5: 8 words, 54 characters
2025-11-19 11:44:33,514 - INFO - Generated 5 sentence(s) in 0.00039267539978027344 seconds
2025-11-19 11:50:41,750 - INFO - Loaded 830 words, 4966 characters
2025-11-19 11:50:41,752 - INFO - Model trained successfully
2025-11-19 11:50:41,756 - INFO - Generated sentence 1/5: 10 words, 52 characters
2025-11-19 11:50:41,756 - INFO - Generated sentence 2/5: 13 words, 82 characters
2025-11-19 11:50:41,756 - INFO - Generated sentence 3/5: 9 words, 65 characters
2025-11-19 11:50:41,757 - INFO - Generated sentence 4/5: 11 words, 67 characters
2025-11-19 11:50:41,757 - INFO - Generated sentence 5/5: 11 words, 66 characters
2025-11-19 11:50:41,757 - INFO - Generated 5 sentence(s) in 0.0008075237274169922 seconds
2025-11-19 11:52:24,661 - INFO - Loaded 830 words, 4966 characters
2025-11-19 11:52:24,663 - INFO - Model trained successfully
2025-11-19 11:52:24,663 - INFO - Generated sentence 1/5: 13 words, 79 characters
2025-11-19 11:52:24,663 - INFO - Generated sentence 2/5: 13 words, 65 characters
2025-11-19 11:52:24,663 - INFO - Generated sentence 3/5: 11 words, 59 characters
2025-11-19 11:52:24,663 - INFO - Generated sentence 4/5: 11 words, 64 characters
2025-11-19 11:52:24,663 - INFO - Generated sentence 5/5: 13 words, 86 characters
2025-11-19 11:52:24,664 - INFO - Generated 5 sentences in 0.00 seconds
2025-11-19 11:54:18,082 - INFO - Loaded 830 words, 4966 characters
2025-11-19 11:54:18,083 - INFO - Model trained successfully
2025-11-19 11:54:18,084 - INFO - Generated sentence 1/5: 10 words, 63 characters
2025-11-19 11:54:18,084 - INFO - Generated sentence 2/5: 14 words, 88 characters
2025-11-19 11:54:18,084 - INFO - Generated sentence 3/5: 15 words, 69 characters
2025-11-19 11:54:18,084 - INFO - Generated sentence 4/5: 5 words, 32 characters
2025-11-19 11:54:18,084 - INFO - Generated sentence 5/5: 16 words, 89 characters
2025-11-19 11:54:18,084 - INFO - Generated 5 sentences in 0.00 seconds
2025-11-19 12:15:16,926 - INFO - Loaded 830 words, 4966 characters
2025-11-19 12:15:16,929 - INFO - Model trained successfully
2025-11-19 12:15:41,538 - INFO - Loaded 830 words, 4966 characters
2025-11-19 12:15:41,540 - INFO - Model trained successfully
2025-11-19 12:15:53,882 - INFO - Loaded 830 words, 4966 characters
2025-11-19 12:15:53,883 - INFO - Model trained successfully
2025-11-19 12:15:53,884 - INFO - Generated sentence 1/5: 9 words, 54 characters
2025-11-19 12:15:53,884 - INFO - Generated sentence 2/5: 9 words, 46 characters
2025-11-19 12:15:53,884 - INFO - Generated sentence 3/5: 10 words, 63 characters
2025-11-19 12:15:53,884 - INFO - Generated sentence 4/5: 6 words, 35 characters
2025-11-19 12:15:53,884 - INFO - Generated sentence 5/5: 8 words, 43 characters
2025-11-19 12:15:53,884 - INFO - Generated 5 sentences in 0.00 seconds
2025-11-19 12:16:12,375 - INFO - Loaded 830 words, 4966 characters
2025-11-19 12:16:12,377 - INFO - Model trained successfully
2025-11-19 12:16:12,377 - INFO - Generated sentence 1/5: 12 words, 72 characters
2025-11-19 12:16:12,378 - INFO - Generated sentence 2/5: 7 words, 41 characters
2025-11-19 12:16:12,378 - INFO - Generated sentence 3/5: 7 words, 42 characters
2025-11-19 12:16:12,378 - INFO - Generated sentence 4/5: 9 words, 46 characters
2025-11-19 12:16:12,378 - INFO - Generated sentence 5/5: 14 words, 66 characters
2025-11-19 12:16:12,378 - INFO - Generated 5 sentences in 0.00 seconds
2025-11-19 12:19:08,036 - INFO - Loaded 830 words, 4966 characters
2025-11-19 12:19:08,038 - INFO - Model trained successfully
2025-11-19 12:19:08,038 - INFO - Generated sentence 1/5: 5 words, 32 characters
2025-11-19 12:19:08,039 - INFO - Generated sentence 2/5: 11 words, 56 characters
2025-11-19 12:19:08,039 - INFO - Generated sentence 3/5: 12 words, 65 characters
2025-11-19 12:19:08,039 - INFO - Generated sentence 4/5: 5 words, 25 characters
2025-11-19 12:19:08,039 - INFO - Generated sentence 5/5: 10 words, 66 characters
2025-11-19 12:19:08,039 - INFO - Generated 5 sentences in 0.00 seconds
2025-11-19 12:19:58,336 - INFO - Loaded 830 words, 4966 characters
2025-11-19 12:19:58,338 - INFO - Model trained successfully
2025-11-19 12:19:58,338 - INFO - Generated sentence 1/5: 5 words, 24 characters
2025-11-19 12:19:58,338 - INFO - Generated sentence 2/5: 14 words, 80 characters
2025-11-19 12:19:58,338 - INFO - Generated sentence 3/5: 16 words, 91 characters
2025-11-19 12:19:58,338 - INFO - Generated sentence 4/5: 7 words, 38 characters
2025-11-19 12:19:58,338 - INFO - Generated sentence 5/5: 8 words, 48 characters
2025-11-19 12:19:58,338 - INFO - Generated 5 sentences in 0.00 seconds
